build/app/intermediates/manifest_merge_blame_file/debug/manifest-merger-blame-debug-report.txt
1<?xml version="1.0" encoding="utf-8"?>
2<manifest xmlns:android="http://schemas.android.com/apk/res/android"
3    package="com.mycompany.co2e"
4    android:versionCode="1"
5    android:versionName="1.0.0" >
6
7    <uses-sdk
8        android:minSdkVersion="21"
9        android:targetSdkVersion="34" />
10    <!--
11         Flutter needs it to communicate with the running application
12         to allow setting breakpoints, to provide hot reload, etc.
13    -->
14    <uses-permission android:name="android.permission.INTERNET" />
14-->src\main\AndroidManifest.xml:4:5-66
14-->src\main\AndroidManifest.xml:4:22-64
15    <uses-permission android:name="android.permission.CAMERA" />
15-->src\main\AndroidManifest.xml:5:5-64
15-->src\main\AndroidManifest.xml:5:22-62
16    <uses-permission
16-->src\main\AndroidManifest.xml:6:5-80
17        android:name="android.permission.READ_EXTERNAL_STORAGE"
17-->src\main\AndroidManifest.xml:6:22-77
18        android:maxSdkVersion="32" />
18-->[:file_picker] AndroidManifest.xml:11:9-35
19    <uses-permission android:name="android.permission.WRITE_EXTERNAL_STORAGE" />
19-->src\main\AndroidManifest.xml:7:5-81
19-->src\main\AndroidManifest.xml:7:22-78
20
21    <queries>
21-->[:file_picker] AndroidManifest.xml:13:5-19:15
22        <intent>
22-->[:file_picker] AndroidManifest.xml:14:9-18:18
23            <action android:name="android.intent.action.GET_CONTENT" />
23-->[:file_picker] AndroidManifest.xml:15:13-72
23-->[:file_picker] AndroidManifest.xml:15:21-69
24
25            <data android:mimeType="*/*" />
25-->src\main\AndroidManifest.xml:50:17-71
26        </intent>
27    </queries>
28
29    <uses-permission android:name="android.permission.ACCESS_NETWORK_STATE" />
29-->[com.google.firebase:firebase-auth:22.3.1] AndroidManifest.xml:26:5-79
29-->[com.google.firebase:firebase-auth:22.3.1] AndroidManifest.xml:26:22-76
30    <uses-permission android:name="com.google.android.providers.gsf.permission.READ_GSERVICES" />
30-->[com.google.android.recaptcha:recaptcha:18.4.0] AndroidManifest.xml:9:5-98
30-->[com.google.android.recaptcha:recaptcha:18.4.0] AndroidManifest.xml:9:22-95
31
32    <permission
32-->[androidx.core:core:1.13.1] AndroidManifest.xml:22:5-24:47
33        android:name="com.mycompany.co2e.DYNAMIC_RECEIVER_NOT_EXPORTED_PERMISSION"
33-->[androidx.core:core:1.13.1] AndroidManifest.xml:23:9-81
34        android:protectionLevel="signature" />
34-->[androidx.core:core:1.13.1] AndroidManifest.xml:24:9-44
35
36    <uses-permission android:name="com.mycompany.co2e.DYNAMIC_RECEIVER_NOT_EXPORTED_PERMISSION" />
36-->[androidx.core:core:1.13.1] AndroidManifest.xml:26:5-97
36-->[androidx.core:core:1.13.1] AndroidManifest.xml:26:22-94
37
38    <application
38-->src\main\AndroidManifest.xml:9:5-63:19
39        android:appComponentFactory="androidx.core.app.CoreComponentFactory"
39-->[androidx.core:core:1.13.1] AndroidManifest.xml:28:18-86
40        android:debuggable="true"
41        android:icon="@mipmap/ic_launcher"
41-->src\main\AndroidManifest.xml:12:9-43
42        android:label="CO2e"
42-->src\main\AndroidManifest.xml:10:9-29
43        android:requestLegacyExternalStorage="true" >
43-->src\main\AndroidManifest.xml:13:9-52
44        <activity
44-->src\main\AndroidManifest.xml:15:9-53:20
45            android:name="com.mycompany.co2e.MainActivity"
45-->src\main\AndroidManifest.xml:16:13-41
46            android:configChanges="orientation|keyboardHidden|keyboard|screenSize|smallestScreenSize|locale|layoutDirection|fontScale|screenLayout|density|uiMode"
46-->src\main\AndroidManifest.xml:20:13-163
47            android:exported="true"
47-->src\main\AndroidManifest.xml:17:13-36
48            android:hardwareAccelerated="true"
48-->src\main\AndroidManifest.xml:21:13-47
49            android:launchMode="singleTop"
49-->src\main\AndroidManifest.xml:18:13-43
50            android:theme="@style/LaunchTheme"
50-->src\main\AndroidManifest.xml:19:13-47
51            android:windowSoftInputMode="adjustResize" >
51-->src\main\AndroidManifest.xml:22:13-55
52
53            <!--
54                 Specifies an Android theme to apply to this Activity as soon as
55                 the Android process has started. This theme is visible to the user
56                 while the Flutter UI initializes. After that, this theme continues
57                 to determine the Window background behind the Flutter UI.
58            -->
59            <meta-data
59-->src\main\AndroidManifest.xml:27:13-30:17
60                android:name="io.flutter.embedding.android.NormalTheme"
60-->src\main\AndroidManifest.xml:28:15-70
61                android:resource="@style/NormalTheme" />
61-->src\main\AndroidManifest.xml:29:15-52
62            <!--
63                 Displays an Android View that continues showing the launch screen
64                 Drawable until Flutter paints its first frame, then this splash
65                 screen fades out. A splash screen is useful to avoid any visual
66                 gap between the end of Android's launch screen and the painting of
67                 Flutter's first frame.
68            -->
69            <meta-data
69-->src\main\AndroidManifest.xml:36:13-39:17
70                android:name="io.flutter.embedding.android.SplashScreenDrawable"
70-->src\main\AndroidManifest.xml:37:15-79
71                android:resource="@drawable/launch_background" />
71-->src\main\AndroidManifest.xml:38:15-61
72
73            <intent-filter>
73-->src\main\AndroidManifest.xml:40:13-43:29
74                <action android:name="android.intent.action.MAIN" />
74-->src\main\AndroidManifest.xml:41:17-68
74-->src\main\AndroidManifest.xml:41:25-66
75
76                <category android:name="android.intent.category.LAUNCHER" />
76-->src\main\AndroidManifest.xml:42:17-76
76-->src\main\AndroidManifest.xml:42:27-74
77            </intent-filter>
78            <!-- Deep linking -->
79            <meta-data
79-->src\main\AndroidManifest.xml:45:13-90
80                android:name="flutter_deeplinking_enabled"
80-->src\main\AndroidManifest.xml:45:24-66
81                android:value="true" />
81-->src\main\AndroidManifest.xml:45:67-87
82
83            <intent-filter android:autoVerify="true" >
83-->src\main\AndroidManifest.xml:46:13-51:29
83-->src\main\AndroidManifest.xml:46:28-53
84                <action android:name="android.intent.action.VIEW" />
84-->src\main\AndroidManifest.xml:47:17-69
84-->src\main\AndroidManifest.xml:47:25-66
85
86                <category android:name="android.intent.category.DEFAULT" />
86-->src\main\AndroidManifest.xml:48:17-76
86-->src\main\AndroidManifest.xml:48:27-73
87                <category android:name="android.intent.category.BROWSABLE" />
87-->src\main\AndroidManifest.xml:49:17-78
87-->src\main\AndroidManifest.xml:49:27-75
88
89                <data
89-->src\main\AndroidManifest.xml:50:17-71
90                    android:host="co2e.com"
90-->src\main\AndroidManifest.xml:50:45-68
91                    android:scheme="co2e" />
91-->src\main\AndroidManifest.xml:50:23-44
92            </intent-filter>
93        </activity>
94
95        <!--
96             Don't delete the meta-data below.
97             This is used by the Flutter tool to generate GeneratedPluginRegistrant.java
98        -->
99        <meta-data
99-->src\main\AndroidManifest.xml:57:9-59:33
100            android:name="flutterEmbedding"
100-->src\main\AndroidManifest.xml:58:13-44
101            android:value="2" />
101-->src\main\AndroidManifest.xml:59:13-30
102
103        <service
103-->[:cloud_firestore] AndroidManifest.xml:10:9-14:19
104            android:name="com.google.firebase.components.ComponentDiscoveryService"
104-->[:cloud_firestore] AndroidManifest.xml:10:18-89
105            android:directBootAware="true"
105-->[com.google.firebase:firebase-common:20.4.3] AndroidManifest.xml:32:13-43
106            android:exported="false" >
106-->[com.google.firebase:firebase-perf:20.5.2] AndroidManifest.xml:13:13-37
107            <meta-data
107-->[:cloud_firestore] AndroidManifest.xml:11:13-13:85
108                android:name="com.google.firebase.components:io.flutter.plugins.firebase.firestore.FlutterFirebaseFirestoreRegistrar"
108-->[:cloud_firestore] AndroidManifest.xml:12:17-134
109                android:value="com.google.firebase.components.ComponentRegistrar" />
109-->[:cloud_firestore] AndroidManifest.xml:13:17-82
110            <meta-data
110-->[:firebase_auth] AndroidManifest.xml:11:13-13:85
111                android:name="com.google.firebase.components:io.flutter.plugins.firebase.auth.FlutterFirebaseAuthRegistrar"
111-->[:firebase_auth] AndroidManifest.xml:12:17-124
112                android:value="com.google.firebase.components.ComponentRegistrar" />
112-->[:firebase_auth] AndroidManifest.xml:13:17-82
113            <meta-data
113-->[:firebase_performance] AndroidManifest.xml:13:13-15:85
114                android:name="com.google.firebase.components:io.flutter.plugins.firebase.performance.FlutterFirebaseAppRegistrar"
114-->[:firebase_performance] AndroidManifest.xml:14:17-130
115                android:value="com.google.firebase.components.ComponentRegistrar" />
115-->[:firebase_performance] AndroidManifest.xml:15:17-82
116            <meta-data
116-->[:firebase_storage] AndroidManifest.xml:11:13-13:85
117                android:name="com.google.firebase.components:io.flutter.plugins.firebase.storage.FlutterFirebaseAppRegistrar"
117-->[:firebase_storage] AndroidManifest.xml:12:17-126
118                android:value="com.google.firebase.components.ComponentRegistrar" />
118-->[:firebase_storage] AndroidManifest.xml:13:17-82
119            <meta-data
119-->[:firebase_core] AndroidManifest.xml:11:13-13:85
120                android:name="com.google.firebase.components:io.flutter.plugins.firebase.core.FlutterFirebaseCoreRegistrar"
120-->[:firebase_core] AndroidManifest.xml:12:17-124
121                android:value="com.google.firebase.components.ComponentRegistrar" />
121-->[:firebase_core] AndroidManifest.xml:13:17-82
122            <meta-data
122-->[com.google.firebase:firebase-perf:20.5.2] AndroidManifest.xml:14:13-16:85
123                android:name="com.google.firebase.components:com.google.firebase.perf.FirebasePerfKtxRegistrar"
123-->[com.google.firebase:firebase-perf:20.5.2] AndroidManifest.xml:15:17-112
124                android:value="com.google.firebase.components.ComponentRegistrar" />
124-->[com.google.firebase:firebase-perf:20.5.2] AndroidManifest.xml:16:17-82
125            <meta-data
125-->[com.google.firebase:firebase-perf:20.5.2] AndroidManifest.xml:17:13-19:85
126                android:name="com.google.firebase.components:com.google.firebase.perf.FirebasePerfRegistrar"
126-->[com.google.firebase:firebase-perf:20.5.2] AndroidManifest.xml:18:17-109
127                android:value="com.google.firebase.components.ComponentRegistrar" />
127-->[com.google.firebase:firebase-perf:20.5.2] AndroidManifest.xml:19:17-82
128            <meta-data
128-->[com.google.firebase:firebase-sessions:1.2.2] AndroidManifest.xml:29:13-31:85
129                android:name="com.google.firebase.components:com.google.firebase.sessions.FirebaseSessionsRegistrar"
129-->[com.google.firebase:firebase-sessions:1.2.2] AndroidManifest.xml:30:17-117
130                android:value="com.google.firebase.components.ComponentRegistrar" />
130-->[com.google.firebase:firebase-sessions:1.2.2] AndroidManifest.xml:31:17-82
131            <meta-data
131-->[com.google.firebase:firebase-auth:22.3.1] AndroidManifest.xml:69:13-71:85
132                android:name="com.google.firebase.components:com.google.firebase.auth.FirebaseAuthRegistrar"
132-->[com.google.firebase:firebase-auth:22.3.1] AndroidManifest.xml:70:17-109
133                android:value="com.google.firebase.components.ComponentRegistrar" />
133-->[com.google.firebase:firebase-auth:22.3.1] AndroidManifest.xml:71:17-82
134            <meta-data
134-->[com.google.firebase:firebase-firestore:24.11.0] AndroidManifest.xml:17:13-19:85
135                android:name="com.google.firebase.components:com.google.firebase.firestore.FirebaseFirestoreKtxRegistrar"
135-->[com.google.firebase:firebase-firestore:24.11.0] AndroidManifest.xml:18:17-122
136                android:value="com.google.firebase.components.ComponentRegistrar" />
136-->[com.google.firebase:firebase-firestore:24.11.0] AndroidManifest.xml:19:17-82
137            <meta-data
137-->[com.google.firebase:firebase-firestore:24.11.0] AndroidManifest.xml:20:13-22:85
138                android:name="com.google.firebase.components:com.google.firebase.firestore.FirestoreRegistrar"
138-->[com.google.firebase:firebase-firestore:24.11.0] AndroidManifest.xml:21:17-111
139                android:value="com.google.firebase.components.ComponentRegistrar" />
139-->[com.google.firebase:firebase-firestore:24.11.0] AndroidManifest.xml:22:17-82
140            <meta-data
140-->[com.google.firebase:firebase-storage:20.3.0] AndroidManifest.xml:30:13-32:85
141                android:name="com.google.firebase.components:com.google.firebase.storage.FirebaseStorageKtxRegistrar"
141-->[com.google.firebase:firebase-storage:20.3.0] AndroidManifest.xml:31:17-118
142                android:value="com.google.firebase.components.ComponentRegistrar" />
142-->[com.google.firebase:firebase-storage:20.3.0] AndroidManifest.xml:32:17-82
143            <meta-data
143-->[com.google.firebase:firebase-storage:20.3.0] AndroidManifest.xml:33:13-35:85
144                android:name="com.google.firebase.components:com.google.firebase.storage.StorageRegistrar"
144-->[com.google.firebase:firebase-storage:20.3.0] AndroidManifest.xml:34:17-107
145                android:value="com.google.firebase.components.ComponentRegistrar" />
145-->[com.google.firebase:firebase-storage:20.3.0] AndroidManifest.xml:35:17-82
146            <meta-data
146-->[com.google.firebase:firebase-config:21.6.3] AndroidManifest.xml:29:13-31:85
147                android:name="com.google.firebase.components:com.google.firebase.remoteconfig.FirebaseRemoteConfigKtxRegistrar"
147-->[com.google.firebase:firebase-config:21.6.3] AndroidManifest.xml:30:17-128
148                android:value="com.google.firebase.components.ComponentRegistrar" />
148-->[com.google.firebase:firebase-config:21.6.3] AndroidManifest.xml:31:17-82
149            <meta-data
149-->[com.google.firebase:firebase-config:21.6.3] AndroidManifest.xml:32:13-34:85
150                android:name="com.google.firebase.components:com.google.firebase.remoteconfig.RemoteConfigRegistrar"
150-->[com.google.firebase:firebase-config:21.6.3] AndroidManifest.xml:33:17-117
151                android:value="com.google.firebase.components.ComponentRegistrar" />
151-->[com.google.firebase:firebase-config:21.6.3] AndroidManifest.xml:34:17-82
152            <meta-data
152-->[com.google.firebase:firebase-installations:17.2.0] AndroidManifest.xml:15:13-17:85
153                android:name="com.google.firebase.components:com.google.firebase.installations.FirebaseInstallationsKtxRegistrar"
153-->[com.google.firebase:firebase-installations:17.2.0] AndroidManifest.xml:16:17-130
154                android:value="com.google.firebase.components.ComponentRegistrar" />
154-->[com.google.firebase:firebase-installations:17.2.0] AndroidManifest.xml:17:17-82
155            <meta-data
155-->[com.google.firebase:firebase-installations:17.2.0] AndroidManifest.xml:18:13-20:85
156                android:name="com.google.firebase.components:com.google.firebase.installations.FirebaseInstallationsRegistrar"
156-->[com.google.firebase:firebase-installations:17.2.0] AndroidManifest.xml:19:17-127
157                android:value="com.google.firebase.components.ComponentRegistrar" />
157-->[com.google.firebase:firebase-installations:17.2.0] AndroidManifest.xml:20:17-82
158            <meta-data
158-->[com.google.firebase:firebase-appcheck:17.1.2] AndroidManifest.xml:25:13-27:85
159                android:name="com.google.firebase.components:com.google.firebase.appcheck.FirebaseAppCheckKtxRegistrar"
159-->[com.google.firebase:firebase-appcheck:17.1.2] AndroidManifest.xml:26:17-120
160                android:value="com.google.firebase.components.ComponentRegistrar" />
160-->[com.google.firebase:firebase-appcheck:17.1.2] AndroidManifest.xml:27:17-82
161            <meta-data
161-->[com.google.firebase:firebase-appcheck:17.1.2] AndroidManifest.xml:28:13-30:85
162                android:name="com.google.firebase.components:com.google.firebase.appcheck.FirebaseAppCheckRegistrar"
162-->[com.google.firebase:firebase-appcheck:17.1.2] AndroidManifest.xml:29:17-117
163                android:value="com.google.firebase.components.ComponentRegistrar" />
163-->[com.google.firebase:firebase-appcheck:17.1.2] AndroidManifest.xml:30:17-82
164            <meta-data
164-->[com.google.firebase:firebase-common-ktx:20.4.3] AndroidManifest.xml:12:13-14:85
165                android:name="com.google.firebase.components:com.google.firebase.ktx.FirebaseCommonLegacyRegistrar"
165-->[com.google.firebase:firebase-common-ktx:20.4.3] AndroidManifest.xml:13:17-116
166                android:value="com.google.firebase.components.ComponentRegistrar" />
166-->[com.google.firebase:firebase-common-ktx:20.4.3] AndroidManifest.xml:14:17-82
167            <meta-data
167-->[com.google.firebase:firebase-common:20.4.3] AndroidManifest.xml:35:13-37:85
168                android:name="com.google.firebase.components:com.google.firebase.FirebaseCommonKtxRegistrar"
168-->[com.google.firebase:firebase-common:20.4.3] AndroidManifest.xml:36:17-109
169                android:value="com.google.firebase.components.ComponentRegistrar" />
169-->[com.google.firebase:firebase-common:20.4.3] AndroidManifest.xml:37:17-82
170            <meta-data
170-->[com.google.firebase:firebase-abt:21.1.1] AndroidManifest.xml:12:13-14:85
171                android:name="com.google.firebase.components:com.google.firebase.abt.component.AbtRegistrar"
171-->[com.google.firebase:firebase-abt:21.1.1] AndroidManifest.xml:13:17-109
172                android:value="com.google.firebase.components.ComponentRegistrar" />
172-->[com.google.firebase:firebase-abt:21.1.1] AndroidManifest.xml:14:17-82
173            <meta-data
173-->[com.google.firebase:firebase-datatransport:18.1.8] AndroidManifest.xml:27:13-29:85
174                android:name="com.google.firebase.components:com.google.firebase.datatransport.TransportRegistrar"
174-->[com.google.firebase:firebase-datatransport:18.1.8] AndroidManifest.xml:28:17-115
175                android:value="com.google.firebase.components.ComponentRegistrar" />
175-->[com.google.firebase:firebase-datatransport:18.1.8] AndroidManifest.xml:29:17-82
176        </service>
177
178        <provider
178-->[:image_picker_android] AndroidManifest.xml:10:9-18:20
179            android:name="io.flutter.plugins.imagepicker.ImagePickerFileProvider"
179-->[:image_picker_android] AndroidManifest.xml:11:13-82
180            android:authorities="com.mycompany.co2e.flutter.image_provider"
180-->[:image_picker_android] AndroidManifest.xml:12:13-74
181            android:exported="false"
181-->[:image_picker_android] AndroidManifest.xml:13:13-37
182            android:grantUriPermissions="true" >
182-->[:image_picker_android] AndroidManifest.xml:14:13-47
183            <meta-data
183-->[:image_picker_android] AndroidManifest.xml:15:13-17:75
184                android:name="android.support.FILE_PROVIDER_PATHS"
184-->[:image_picker_android] AndroidManifest.xml:16:17-67
185                android:resource="@xml/flutter_image_picker_file_paths" />
185-->[:image_picker_android] AndroidManifest.xml:17:17-72
186        </provider>
187        <!--
188           Declares a provider which allows us to store files to share in
189           '.../caches/share_plus' and grant the receiving action access
190        -->
191        <provider
191-->[:share_plus] AndroidManifest.xml:15:9-23:20
192            android:name="dev.fluttercommunity.plus.share.ShareFileProvider"
192-->[:share_plus] AndroidManifest.xml:16:13-77
193            android:authorities="com.mycompany.co2e.flutter.share_provider"
193-->[:share_plus] AndroidManifest.xml:17:13-74
194            android:exported="false"
194-->[:share_plus] AndroidManifest.xml:18:13-37
195            android:grantUriPermissions="true" >
195-->[:share_plus] AndroidManifest.xml:19:13-47
196            <meta-data
196-->[:image_picker_android] AndroidManifest.xml:15:13-17:75
197                android:name="android.support.FILE_PROVIDER_PATHS"
197-->[:image_picker_android] AndroidManifest.xml:16:17-67
198                android:resource="@xml/flutter_share_file_paths" />
198-->[:image_picker_android] AndroidManifest.xml:17:17-72
199        </provider>
200        <!--
201           This manifest declared broadcast receiver allows us to use an explicit
202           Intent when creating a PendingItent to be informed of the user's choice
203        -->
204        <receiver
204-->[:share_plus] AndroidManifest.xml:28:9-34:20
205            android:name="dev.fluttercommunity.plus.share.SharePlusPendingIntent"
205-->[:share_plus] AndroidManifest.xml:29:13-82
206            android:exported="false" >
206-->[:share_plus] AndroidManifest.xml:30:13-37
207            <intent-filter>
207-->[:share_plus] AndroidManifest.xml:31:13-33:29
208                <action android:name="EXTRA_CHOSEN_COMPONENT" />
208-->[:share_plus] AndroidManifest.xml:32:17-65
208-->[:share_plus] AndroidManifest.xml:32:25-62
209            </intent-filter>
210        </receiver>
211
212        <activity
212-->[:url_launcher_android] AndroidManifest.xml:10:9-13:74
213            android:name="io.flutter.plugins.urllauncher.WebViewActivity"
213-->[:url_launcher_android] AndroidManifest.xml:11:13-74
214            android:exported="false"
214-->[:url_launcher_android] AndroidManifest.xml:12:13-37
215            android:theme="@android:style/Theme.NoTitleBar.Fullscreen" />
215-->[:url_launcher_android] AndroidManifest.xml:13:13-71
216
217        <service
217-->[com.google.firebase:firebase-sessions:1.2.2] AndroidManifest.xml:22:9-25:40
218            android:name="com.google.firebase.sessions.SessionLifecycleService"
218-->[com.google.firebase:firebase-sessions:1.2.2] AndroidManifest.xml:23:13-80
219            android:enabled="true"
219-->[com.google.firebase:firebase-sessions:1.2.2] AndroidManifest.xml:24:13-35
220            android:exported="false" />
220-->[com.google.firebase:firebase-sessions:1.2.2] AndroidManifest.xml:25:13-37
221
222        <activity
222-->[com.google.firebase:firebase-auth:22.3.1] AndroidManifest.xml:29:9-46:20
223            android:name="com.google.firebase.auth.internal.GenericIdpActivity"
223-->[com.google.firebase:firebase-auth:22.3.1] AndroidManifest.xml:30:13-80
224            android:excludeFromRecents="true"
224-->[com.google.firebase:firebase-auth:22.3.1] AndroidManifest.xml:31:13-46
225            android:exported="true"
225-->[com.google.firebase:firebase-auth:22.3.1] AndroidManifest.xml:32:13-36
226            android:launchMode="singleTask"
226-->[com.google.firebase:firebase-auth:22.3.1] AndroidManifest.xml:33:13-44
227            android:theme="@android:style/Theme.Translucent.NoTitleBar" >
227-->[com.google.firebase:firebase-auth:22.3.1] AndroidManifest.xml:34:13-72
228            <intent-filter>
228-->[com.google.firebase:firebase-auth:22.3.1] AndroidManifest.xml:35:13-45:29
229                <action android:name="android.intent.action.VIEW" />
229-->src\main\AndroidManifest.xml:47:17-69
229-->src\main\AndroidManifest.xml:47:25-66
230
231                <category android:name="android.intent.category.DEFAULT" />
231-->src\main\AndroidManifest.xml:48:17-76
231-->src\main\AndroidManifest.xml:48:27-73
232                <category android:name="android.intent.category.BROWSABLE" />
232-->src\main\AndroidManifest.xml:49:17-78
232-->src\main\AndroidManifest.xml:49:27-75
233
234                <data
234-->src\main\AndroidManifest.xml:50:17-71
235                    android:host="firebase.auth"
235-->src\main\AndroidManifest.xml:50:45-68
236                    android:path="/"
237                    android:scheme="genericidp" />
237-->src\main\AndroidManifest.xml:50:23-44
238            </intent-filter>
239        </activity>
240        <activity
240-->[com.google.firebase:firebase-auth:22.3.1] AndroidManifest.xml:47:9-64:20
241            android:name="com.google.firebase.auth.internal.RecaptchaActivity"
241-->[com.google.firebase:firebase-auth:22.3.1] AndroidManifest.xml:48:13-79
242            android:excludeFromRecents="true"
242-->[com.google.firebase:firebase-auth:22.3.1] AndroidManifest.xml:49:13-46
243            android:exported="true"
243-->[com.google.firebase:firebase-auth:22.3.1] AndroidManifest.xml:50:13-36
244            android:launchMode="singleTask"
244-->[com.google.firebase:firebase-auth:22.3.1] AndroidManifest.xml:51:13-44
245            android:theme="@android:style/Theme.Translucent.NoTitleBar" >
245-->[com.google.firebase:firebase-auth:22.3.1] AndroidManifest.xml:52:13-72
246            <intent-filter>
246-->[com.google.firebase:firebase-auth:22.3.1] AndroidManifest.xml:53:13-63:29
247                <action android:name="android.intent.action.VIEW" />
247-->src\main\AndroidManifest.xml:47:17-69
247-->src\main\AndroidManifest.xml:47:25-66
248
249                <category android:name="android.intent.category.DEFAULT" />
249-->src\main\AndroidManifest.xml:48:17-76
249-->src\main\AndroidManifest.xml:48:27-73
250                <category android:name="android.intent.category.BROWSABLE" />
250-->src\main\AndroidManifest.xml:49:17-78
250-->src\main\AndroidManifest.xml:49:27-75
251
252                <data
252-->src\main\AndroidManifest.xml:50:17-71
253                    android:host="firebase.auth"
253-->src\main\AndroidManifest.xml:50:45-68
254                    android:path="/"
255                    android:scheme="recaptcha" />
255-->src\main\AndroidManifest.xml:50:23-44
256            </intent-filter>
257        </activity>
258
259        <uses-library
259-->[androidx.window:window:1.0.0-beta04] AndroidManifest.xml:25:9-27:40
260            android:name="androidx.window.extensions"
260-->[androidx.window:window:1.0.0-beta04] AndroidManifest.xml:26:13-54
261            android:required="false" />
261-->[androidx.window:window:1.0.0-beta04] AndroidManifest.xml:27:13-37
262        <uses-library
262-->[androidx.window:window:1.0.0-beta04] AndroidManifest.xml:28:9-30:40
263            android:name="androidx.window.sidecar"
263-->[androidx.window:window:1.0.0-beta04] AndroidManifest.xml:29:13-51
264            android:required="false" />
264-->[androidx.window:window:1.0.0-beta04] AndroidManifest.xml:30:13-37
265
266        <activity
266-->[com.google.android.gms:play-services-auth:20.7.0] AndroidManifest.xml:23:9-27:75
267            android:name="com.google.android.gms.auth.api.signin.internal.SignInHubActivity"
267-->[com.google.android.gms:play-services-auth:20.7.0] AndroidManifest.xml:24:13-93
268            android:excludeFromRecents="true"
268-->[com.google.android.gms:play-services-auth:20.7.0] AndroidManifest.xml:25:13-46
269            android:exported="false"
269-->[com.google.android.gms:play-services-auth:20.7.0] AndroidManifest.xml:26:13-37
270            android:theme="@android:style/Theme.Translucent.NoTitleBar" />
270-->[com.google.android.gms:play-services-auth:20.7.0] AndroidManifest.xml:27:13-72
271        <!--
272            Service handling Google Sign-In user revocation. For apps that do not integrate with
273            Google Sign-In, this service will never be started.
274        -->
275        <service
275-->[com.google.android.gms:play-services-auth:20.7.0] AndroidManifest.xml:33:9-37:51
276            android:name="com.google.android.gms.auth.api.signin.RevocationBoundService"
276-->[com.google.android.gms:play-services-auth:20.7.0] AndroidManifest.xml:34:13-89
277            android:exported="true"
277-->[com.google.android.gms:play-services-auth:20.7.0] AndroidManifest.xml:35:13-36
278            android:permission="com.google.android.gms.auth.api.signin.permission.REVOCATION_NOTIFICATION"
278-->[com.google.android.gms:play-services-auth:20.7.0] AndroidManifest.xml:36:13-107
279            android:visibleToInstantApps="true" />
279-->[com.google.android.gms:play-services-auth:20.7.0] AndroidManifest.xml:37:13-48
280
281        <provider
281-->[com.google.firebase:firebase-common:20.4.3] AndroidManifest.xml:23:9-28:39
282            android:name="com.google.firebase.provider.FirebaseInitProvider"
282-->[com.google.firebase:firebase-common:20.4.3] AndroidManifest.xml:24:13-77
283            android:authorities="com.mycompany.co2e.firebaseinitprovider"
283-->[com.google.firebase:firebase-common:20.4.3] AndroidManifest.xml:25:13-72
284            android:directBootAware="true"
284-->[com.google.firebase:firebase-common:20.4.3] AndroidManifest.xml:26:13-43
285            android:exported="false"
285-->[com.google.firebase:firebase-common:20.4.3] AndroidManifest.xml:27:13-37
286            android:initOrder="100" />
286-->[com.google.firebase:firebase-common:20.4.3] AndroidManifest.xml:28:13-36
287
288        <activity
288-->[com.google.android.gms:play-services-base:18.1.0] AndroidManifest.xml:20:9-22:45
289            android:name="com.google.android.gms.common.api.GoogleApiActivity"
289-->[com.google.android.gms:play-services-base:18.1.0] AndroidManifest.xml:20:19-85
290            android:exported="false"
290-->[com.google.android.gms:play-services-base:18.1.0] AndroidManifest.xml:22:19-43
291            android:theme="@android:style/Theme.Translucent.NoTitleBar" />
291-->[com.google.android.gms:play-services-base:18.1.0] AndroidManifest.xml:21:19-78
292
293        <meta-data
293-->[com.google.android.gms:play-services-basement:18.3.0] AndroidManifest.xml:21:9-23:69
294            android:name="com.google.android.gms.version"